<?xml version="1.0" encoding="UTF-8"?>
<testsuite xmlns:xsi="http://www.w3.org/2001/XMLSchema-instance" xsi:noNamespaceSchemaLocation="https://maven.apache.org/surefire/maven-surefire-plugin/xsd/surefire-test-report-3.0.xsd" version="3.0" name="com.aircargo.AppTest" time="4.511" tests="1" errors="0" skipped="0" failures="0">
  <properties>
[...]
</properties>
  <testcase name="contextLoads" classname="com.aircargo.AppTest" time="0.023">
    <system-out><![CDATA[18:35:28.936 [main] INFO org.springframework.test.context.support.AnnotationConfigContextLoaderUtils -- Could not detect default configuration classes for test class [com.aircargo.AppTest]: AppTest does not declare any static, non-private, non-final, nested classes annotated with @Configuration.
18:35:29.015 [main] INFO org.springframework.boot.test.context.SpringBootTestContextBootstrapper -- Found @SpringBootConfiguration com.aircargo.AircargoApiApplication for test class com.aircargo.AppTest
  .   ____          _            __ _ _
 /\\ / ___'_ __ _ _(_)_ __  __ _ \ \ \ \
( ( )\___ | '_ | '_| | '_ \/ _` | \ \ \ \
 \\/  ___)| |_)| | | | | || (_| |  ) ) ) )
  '  |____| .__|_| |_|_| |_\__, | / / / /
 =========|_|==============|___/=/_/_/_/

 :: Spring Boot ::                (v3.3.0)

2026-06-12T18:35:29.294-04:00  INFO 97877 --- [aircargo-api] [           main] com.aircargo.AppTest                     : Starting AppTest using Java 26.0.1 with PID 97877 (started by manolov in /home/manolov/Projects/aircargo-saas/backend/aircargo-api)
2026-06-12T18:35:29.296-04:00  INFO 97877 --- [aircargo-api] [           main] com.aircargo.AppTest                     : No active profile set, falling back to 1 default profile: "default"
2026-06-12T18:35:29.983-04:00  INFO 97877 --- [aircargo-api] [           main] .s.d.r.c.RepositoryConfigurationDelegate : Bootstrapping Spring Data JPA repositories in DEFAULT mode.
2026-06-12T18:35:30.040-04:00  INFO 97877 --- [aircargo-api] [           main] .s.d.r.c.RepositoryConfigurationDelegate : Finished Spring Data repository scanning in 52 ms. Found 9 JPA repository interfaces.
2026-06-12T18:35:30.604-04:00  INFO 97877 --- [aircargo-api] [           main] com.zaxxer.hikari.HikariDataSource       : HikariPool-1 - Starting...
2026-06-12T18:35:30.743-04:00  INFO 97877 --- [aircargo-api] [           main] com.zaxxer.hikari.pool.HikariPool        : HikariPool-1 - Added connection org.postgresql.jdbc.PgConnection@75c0cd39
2026-06-12T18:35:30.744-04:00  INFO 97877 --- [aircargo-api] [           main] com.zaxxer.hikari.HikariDataSource       : HikariPool-1 - Start completed.
2026-06-12T18:35:30.761-04:00  INFO 97877 --- [aircargo-api] [           main] org.flywaydb.core.FlywayExecutor         : Database: jdbc:postgresql://localhost:5432/aircargo (PostgreSQL 16.13)
2026-06-12T18:35:30.794-04:00  INFO 97877 --- [aircargo-api] [           main] o.f.core.internal.command.DbValidate     : Successfully validated 1 migration (execution time 00:00.016s)
2026-06-12T18:35:30.826-04:00  INFO 97877 --- [aircargo-api] [           main] o.f.core.internal.command.DbMigrate      : Current version of schema "public": 1
2026-06-12T18:35:30.829-04:00  INFO 97877 --- [aircargo-api] [           main] o.f.core.internal.command.DbMigrate      : Schema "public" is up to date. No migration necessary.
2026-06-12T18:35:30.928-04:00  INFO 97877 --- [aircargo-api] [           main] o.hibernate.jpa.internal.util.LogHelper  : HHH000204: Processing PersistenceUnitInfo [name: default]
2026-06-12T18:35:30.962-04:00  INFO 97877 --- [aircargo-api] [           main] org.hibernate.Version                    : HHH000412: Hibernate ORM core version 6.5.2.Final
2026-06-12T18:35:30.987-04:00  INFO 97877 --- [aircargo-api] [           main] o.h.c.internal.RegionFactoryInitiator    : HHH000026: Second-level cache disabled
2026-06-12T18:35:31.070-04:00  INFO 97877 --- [aircargo-api] [           main] o.s.o.j.p.SpringPersistenceUnitInfo      : No LoadTimeWeaver setup: ignoring JPA class transformer
2026-06-12T18:35:31.102-04:00  WARN 97877 --- [aircargo-api] [           main] org.hibernate.orm.deprecation            : HHH90000025: PostgreSQLDialect does not need to be specified explicitly using 'hibernate.dialect' (remove the property setting and it will be selected by default)
2026-06-12T18:35:31.793-04:00  INFO 97877 --- [aircargo-api] [           main] o.h.e.t.j.p.i.JtaPlatformInitiator       : HHH000489: No JTA platform available (set 'hibernate.transaction.jta.platform' to enable JTA platform integration)
2026-06-12T18:35:31.836-04:00  INFO 97877 --- [aircargo-api] [           main] j.LocalContainerEntityManagerFactoryBean : Initialized JPA EntityManagerFactory for persistence unit 'default'
2026-06-12T18:35:32.456-04:00  WARN 97877 --- [aircargo-api] [           main] JpaBaseConfiguration$JpaWebConfiguration : spring.jpa.open-in-view is enabled by default. Therefore, database queries may be performed during view rendering. Explicitly configure spring.jpa.open-in-view to disable this warning
2026-06-12T18:35:33.202-04:00  INFO 97877 --- [aircargo-api] [           main] o.s.b.a.e.web.EndpointLinksResolver      : Exposing 2 endpoints beneath base path '/actuator'
2026-06-12T18:35:33.275-04:00  INFO 97877 --- [aircargo-api] [           main] com.aircargo.AppTest                     : Started AppTest in 4.163 seconds (process running for 6.044)
]]></system-out>
  </testcase>
</testsuite>